[06-Jul-2025 01:09:53 UTC] MKCG: Registered AJAX action wp_ajax_mkcg_save_topics_data
[06-Jul-2025 01:09:53 UTC] PHP Warning:  require_once(/home/1378770.cloudwaysapps.com/hgysczkcuu/public_html/wp-content/plugins/media-kit-content-generator/includes/generators/enhanced_authority_hook_generator.php): Failed to open stream: No such file or directory in /home/1378770.cloudwaysapps.com/hgysczkcuu/public_html/wp-content/plugins/media-kit-content-generator/media-kit-content-generator.php on line 602
[06-Jul-2025 01:09:53 UTC] PHP Fatal error:  Uncaught Error: Failed opening required '/home/1378770.cloudwaysapps.com/hgysczkcuu/public_html/wp-content/plugins/media-kit-content-generator/includes/generators/enhanced_authority_hook_generator.php' (include_path='.:/usr/share/php') in /home/1378770.cloudwaysapps.com/hgysczkcuu/public_html/wp-content/plugins/media-kit-content-generator/media-kit-content-generator.php:602
Stack trace:
#0 /home/1378770.cloudwaysapps.com/hgysczkcuu/public_html/wp-content/plugins/media-kit-content-generator/media-kit-content-generator.php(41): Media_Kit_Content_Generator->load_dependencies()
#1 /home/1378770.cloudwaysapps.com/hgysczkcuu/public_html/wp-content/plugins/media-kit-content-generator/media-kit-content-generator.php(34): Media_Kit_Content_Generator->__construct()
#2 /home/1378770.cloudwaysapps.com/hgysczkcuu/public_html/wp-content/plugins/media-kit-content-generator/media-kit-content-generator.php(1262): Media_Kit_Content_Generator::get_instance()
#3 /home/1378770.cloudwaysapps.com/hgysczkcuu/public_html/wp-includes/class-wp-hook.php(324): mkcg_init()
#4 /home/1378770.cloudwaysapps.com/hgysczkcuu/public_html/wp-includes/class-wp-hook.php(348): WP_Hook->apply_filters()
#5 /home/1378770.cloudwaysapps.com/hgysczkcuu/public_html/wp-includes/plugin.php(517): WP_Hook->do_action()
#6 /home/1378770.cloudwaysapps.com/hgysczkcuu/public_html/wp-settings.php(559): do_action()
#7 /home/1378770.cloudwaysapps.com/hgysczkcuu/public_html/wp-config.php(99): require_once('...')
#8 /home/1378770.cloudwaysapps.com/hgysczkcuu/public_html/wp-load.php(50): require_once('...')
#9 /home/1378770.cloudwaysapps.com/hgysczkcuu/public_html/wp-admin/admin.php(34): require_once('...')
#10 /home/1378770.cloudwaysapps.com/hgysczkcuu/public_html/wp-admin/post.php(12): require_once('...')
#11 {main}
  thrown in /home/1378770.cloudwaysapps.com/hgysczkcuu/public_html/wp-content/plugins/media-kit-content-generator/media-kit-content-generator.php on line 602
[06-Jul-2025 01:09:55 UTC] MKCG: Registered AJAX action wp_ajax_mkcg_save_topics_data
[06-Jul-2025 01:09:55 UTC] PHP Warning:  require_once(/home/1378770.cloudwaysapps.com/hgysczkcuu/public_html/wp-content/plugins/media-kit-content-generator/includes/generators/enhanced_authority_hook_generator.php): Failed to open stream: No such file or directory in /home/1378770.cloudwaysapps.com/hgysczkcuu/public_html/wp-content/plugins/media-kit-content-generator/media-kit-content-generator.php on line 602
[06-Jul-2025 01:09:55 UTC] PHP Fatal error:  Uncaught Error: Failed opening required '/home/1378770.cloudwaysapps.com/hgysczkcuu/public_html/wp-content/plugins/media-kit-content-generator/includes/generators/enhanced_authority_hook_generator.php' (include_path='.:/usr/share/php') in /home/1378770.cloudwaysapps.com/hgysczkcuu/public_html/wp-content/plugins/media-kit-content-generator/media-kit-content-generator.php:602
Stack trace:
#0 /home/1378770.cloudwaysapps.com/hgysczkcuu/public_html/wp-content/plugins/media-kit-content-generator/media-kit-content-generator.php(41): Media_Kit_Content_Generator->load_dependencies()
#1 /home/1378770.cloudwaysapps.com/hgysczkcuu/public_html/wp-content/plugins/media-kit-content-generator/media-kit-content-generator.php(34): Media_Kit_Content_Generator->__construct()
#2 /home/1378770.cloudwaysapps.com/hgysczkcuu/public_html/wp-content/plugins/media-kit-content-generator/media-kit-content-generator.php(1262): Media_Kit_Content_Generator::get_instance()
#3 /home/1378770.cloudwaysapps.com/hgysczkcuu/public_html/wp-includes/class-wp-hook.php(324): mkcg_init()
#4 /home/1378770.cloudwaysapps.com/hgysczkcuu/public_html/wp-includes/class-wp-hook.php(348): WP_Hook->apply_filters()
#5 /home/1378770.cloudwaysapps.com/hgysczkcuu/public_html/wp-includes/plugin.php(517): WP_Hook->do_action()
#6 /home/1378770.cloudwaysapps.com/hgysczkcuu/public_html/wp-settings.php(559): do_action()
#7 /home/1378770.cloudwaysapps.com/hgysczkcuu/public_html/wp-config.php(99): require_once('...')
#8 /home/1378770.cloudwaysapps.com/hgysczkcuu/public_html/wp-load.php(50): require_once('...')
#9 /home/1378770.cloudwaysapps.com/hgysczkcuu/public_html/wp-blog-header.php(13): require_once('...')
#10 /home/1378770.cloudwaysapps.com/hgysczkcuu/public_html/index.php(17): require('...')
#11 {main}
  thrown in /home/1378770.cloudwaysapps.com/hgysczkcuu/public_html/wp-content/plugins/media-kit-content-generator/media-kit-content-generator.php on line 602
